<?xml version="1.0" encoding="UTF-8"?>
<testsuite name="co.com.serenity.project.runners.RunnerAddItemsCartShop" tests="2" skipped="0" failures="0" errors="0" timestamp="2024-09-21T01:21:29" hostname="DESKTOP-0CT8JI1" time="81.197">
  <properties/>
  <testcase name="Agregar 2 productos de la categoria amor al carro de compras" classname="co.com.serenity.project.runners.RunnerAddItemsCartShop" time="47.024"/>
  <testcase name="Seleccionar un producto de la categoría cumpleaños, agregarlo y &lt;eliminarlo&gt; del carro de compras" classname="co.com.serenity.project.runners.RunnerAddItemsCartShop" time="34.172"/>
  <system-out><![CDATA[20:21:29.521 [Test worker] INFO  i.c.core.plugin.SerenityReporter - Running feature from file:///H:/Andres%20Cruz/cursosAutomatizacion/Serenity/pruebaTecnica2/src/test/resources/features/cartshop.feature
20:21:29.709 [Test worker] INFO   - 

-------------------------------------------------------------------------------------
     _______. _______ .______       _______ .__   __.  __  .___________.____    ____ 
    /       ||   ____||   _  \     |   ____||  \ |  | |  | |           |\   \  /   / 
   |   (----`|  |__   |  |_)  |    |  |__   |   \|  | |  | `---|  |----` \   \/   /  
    \   \    |   __|  |      /     |   __|  |  . `  | |  |     |  |       \_    _/   
.----)   |   |  |____ |  |\  \----.|  |____ |  |\   | |  |     |  |         |  |     
|_______/    |_______|| _| `._____||_______||__| \__| |__|     |__|         |__|    
                                                                                     
 News and tutorials at http://www.serenity-bdd.info                                  
 Documentation at https://wakaleo.gitbooks.io/the-serenity-book/content/             
 Join the Serenity Community on Gitter: https://gitter.im/serenity-bdd/serenity-core 
 Serenity BDD Support and Training at http://serenity-bdd.info/#/trainingandsupport  
-------------------------------------------------------------------------------------

20:21:29.709 [Test worker] INFO   - Test Suite Started: Seleccionar dos productos de la categoría amor
20:21:29.740 [Test worker] INFO  i.c.core.plugin.SerenityReporter - Running feature from file:///H:/Andres%20Cruz/cursosAutomatizacion/Serenity/pruebaTecnica2/src/test/resources/features/cartshop.feature
20:21:29.740 [Test worker] INFO   - Test Suite Started: Seleccionar dos productos de la categoría amor
20:21:29.835 [Test worker] INFO  i.c.core.plugin.SerenityReporter - Running feature from file:///H:/Andres%20Cruz/cursosAutomatizacion/Serenity/pruebaTecnica2/src/test/resources/features/cartshop.feature
20:21:29.866 [Test worker] INFO   - 
  _____   ___   ___   _____     ___   _____     _     ___   _____   ___   ___  
 |_   _| | __| / __| |_   _|   / __| |_   _|   /_\   | _ \ |_   _| | __| |   \ 
   | |   | _|  \__ \   | |     \__ \   | |    / _ \  |   /   | |   | _|  | |) |
   |_|   |___| |___/   |_|     |___/   |_|   /_/ \_\ |_|_\   |_|   |___| |___/ 

Agregar 2 productos de la categoria amor al carro de compras(seleccionar-dos-productos-de-la-categoría-amor;agregar-2-productos-de-la-categoria-amor-al-carro-de-compras)
--------------------------------------------------------------------------------
20:21:30.438 [Test worker] INFO  n.s.c.w.d.DriverProvider - Using WebDriverManager configuration for edge
20:21:30.860 [Test worker] INFO  i.g.bonigarcia.wdm.WebDriverManager - Using msedgedriver 128.0.2739.79 (resolved driver for Edge 128)
20:21:30.891 [Test worker] INFO  i.g.bonigarcia.wdm.WebDriverManager - Exporting webdriver.edge.driver as C:\Users\Asus\.cache\selenium\msedgedriver\win64\128.0.2739.79\msedgedriver.exe
20:22:16.204 [Test worker] INFO   - 
  _____   ___   ___   _____     ___     _     ___   ___   ___   ___  
 |_   _| | __| / __| |_   _|   | _ \   /_\   / __| / __| | __| |   \ 
   | |   | _|  \__ \   | |     |  _/  / _ \  \__ \ \__ \ | _|  | |) |
   |_|   |___| |___/   |_|     |_|   /_/ \_\ |___/ |___/ |___| |___/ 

Agregar 2 productos de la categoria amor al carro de compras
----------------------------------------------------------------------
20:22:16.792 [Test worker] INFO  i.c.core.plugin.SerenityReporter - Running feature from file:///H:/Andres%20Cruz/cursosAutomatizacion/Serenity/pruebaTecnica2/src/test/resources/features/cartshop.feature
20:22:16.809 [Test worker] INFO   - 
  _____   ___   ___   _____     ___   _____     _     ___   _____   ___   ___  
 |_   _| | __| / __| |_   _|   / __| |_   _|   /_\   | _ \ |_   _| | __| |   \ 
   | |   | _|  \__ \   | |     \__ \   | |    / _ \  |   /   | |   | _|  | |) |
   |_|   |___| |___/   |_|     |___/   |_|   /_/ \_\ |_|_\   |_|   |___| |___/ 

Seleccionar un producto de la categoría cumpleaños, agregarlo y <eliminarlo> del carro de compras(seleccionar-dos-productos-de-la-categoría-amor;seleccionar-un-producto-de-la-categoría-cumpleaños--agregarlo-y-<eliminarlo>-del-carro-de-compras)
--------------------------------------------------------------------------------
20:22:50.406 [Test worker] INFO   - 
  _____   ___   ___   _____     ___     _     ___   ___   ___   ___  
 |_   _| | __| / __| |_   _|   | _ \   /_\   / __| / __| | __| |   \ 
   | |   | _|  \__ \   | |     |  _/  / _ \  \__ \ \__ \ | _|  | |) |
   |_|   |___| |___/   |_|     |_|   /_/ \_\ |___/ |___/ |___| |___/ 

Seleccionar un producto de la categoría cumpleaños, agregarlo y <eliminarlo> del carro de compras
----------------------------------------------------------------------
]]></system-out>
  <system-err><![CDATA[?[32m?[1m┌───────────────────────────────────────────────────────────────────────────────────┐?[0m
?[32m?[1m│?[0m Share your Cucumber Report with your team at ?[36m?[1m?[4mhttps://reports.cucumber.io?[0m          ?[32m?[1m│?[0m
?[32m?[1m│?[0m Activate publishing with one of the following:                                    ?[32m?[1m│?[0m
?[32m?[1m│?[0m                                                                                   ?[32m?[1m│?[0m
?[32m?[1m│?[0m src/test/resources/cucumber.properties:          ?[36mcucumber.publish.enabled?[0m=?[36mtrue?[0m    ?[32m?[1m│?[0m
?[32m?[1m│?[0m src/test/resources/junit-platform.properties:    ?[36mcucumber.publish.enabled?[0m=?[36mtrue?[0m    ?[32m?[1m│?[0m
?[32m?[1m│?[0m Environment variable:                            ?[36mCUCUMBER_PUBLISH_ENABLED?[0m=?[36mtrue?[0m    ?[32m?[1m│?[0m
?[32m?[1m│?[0m JUnit:                                           ?[36m@CucumberOptions?[0m(publish = ?[36mtrue?[0m) ?[32m?[1m│?[0m
?[32m?[1m│?[0m                                                                                   ?[32m?[1m│?[0m
?[32m?[1m│?[0m More information at ?[36mhttps://cucumber.io/docs/cucumber/environment-variables/?[0m      ?[32m?[1m│?[0m
?[32m?[1m│?[0m                                                                                   ?[32m?[1m│?[0m
?[32m?[1m│?[0m Disable this message with one of the following:                                   ?[32m?[1m│?[0m
?[32m?[1m│?[0m                                                                                   ?[32m?[1m│?[0m
?[32m?[1m│?[0m src/test/resources/cucumber.properties:          ?[36mcucumber.publish.quiet?[0m=?[36mtrue?[0m      ?[32m?[1m│?[0m
?[32m?[1m│?[0m src/test/resources/junit-platform.properties:    ?[36mcucumber.publish.quiet?[0m=?[36mtrue?[0m      ?[32m?[1m│?[0m
?[32m?[1m└───────────────────────────────────────────────────────────────────────────────────┘?[0m
]]></system-err>
</testsuite>
